<?xml version="1.0" encoding="utf-8"?>
<coverage line-rate="0.1902" branch-rate="0" version="1.9" timestamp="1661867881" lines-covered="43" lines-valid="226" branches-covered="0" branches-valid="21">
  <sources>
    <source>C:\</source>
  </sources>
  <packages>
    <package name="ADO.Rest" line-rate="0" branch-rate="0" complexity="26">
      <classes>
        <class name="ADO.Rest.ADOFactory" filename="ContenedoresAPI\ADO.Rest\ADOFactory.cs" line-rate="0" branch-rate="1" complexity="1">
          <methods>
            <method name="GetADOInstance" signature="(System.String)" line-rate="0" branch-rate="1" complexity="1">
              <lines>
                <line number="6" hits="0" branch="False" />
                <line number="7" hits="0" branch="False" />
                <line number="8" hits="0" branch="False" />
                <line number="9" hits="0" branch="False" />
                <line number="10" hits="0" branch="False" />
              </lines>
            </method>
          </methods>
          <lines>
            <line number="6" hits="0" branch="False" />
            <line number="7" hits="0" branch="False" />
            <line number="8" hits="0" branch="False" />
            <line number="9" hits="0" branch="False" />
            <line number="10" hits="0" branch="False" />
          </lines>
        </class>
        <class name="ADO.Rest.MYSQL.MySqlImplement" filename="ContenedoresAPI\ADO.Rest\MYSQL\MySqlImplement.cs" line-rate="0" branch-rate="0" complexity="17">
          <methods>
            <method name="get_CurrentConnectionString" signature="()" line-rate="0" branch-rate="1" complexity="1">
              <lines>
                <line number="8" hits="0" branch="False" />
              </lines>
            </method>
            <method name="SetConnection" signature="(System.String)" line-rate="0" branch-rate="1" complexity="1">
              <lines>
                <line number="16" hits="0" branch="False" />
                <line number="17" hits="0" branch="False" />
                <line number="18" hits="0" branch="False" />
              </lines>
            </method>
            <method name="ExecuteQuery" signature="(ADO.Rest.Models.ADOModelRequest)" line-rate="0" branch-rate="0" complexity="11">
              <lines>
                <line number="21" hits="0" branch="False" />
                <line number="22" hits="0" branch="False" />
                <line number="25" hits="0" branch="False" />
                <line number="28" hits="0" branch="False" />
                <line number="30" hits="0" branch="False" />
                <line number="32" hits="0" branch="False" />
                <line number="33" hits="0" branch="False" />
                <line number="35" hits="0" branch="True" condition-coverage="0% (0/4)">
                  <conditions>
                    <condition number="74" type="jump" coverage="0%" />
                    <condition number="95" type="jump" coverage="0%" />
                  </conditions>
                </line>
                <line number="36" hits="0" branch="False" />
                <line number="37" hits="0" branch="False" />
                <line number="38" hits="0" branch="False" />
                <line number="39" hits="0" branch="False" />
                <line number="40" hits="0" branch="False" />
                <line number="41" hits="0" branch="False" />
                <line number="42" hits="0" branch="False" />
                <line number="44" hits="0" branch="False" />
                <line number="47" hits="0" branch="True" condition-coverage="0% (0/5)">
                  <conditions>
                    <condition number="155" type="switch" coverage="0%" />
                  </conditions>
                </line>
                <line number="50" hits="0" branch="False" />
                <line number="51" hits="0" branch="False" />
                <line number="52" hits="0" branch="False" />
                <line number="53" hits="0" branch="False" />
                <line number="54" hits="0" branch="False" />
                <line number="55" hits="0" branch="False" />
                <line number="56" hits="0" branch="False" />
                <line number="58" hits="0" branch="False" />
                <line number="59" hits="0" branch="False" />
                <line number="60" hits="0" branch="False" />
                <line number="61" hits="0" branch="False" />
                <line number="62" hits="0" branch="False" />
                <line number="63" hits="0" branch="False" />
                <line number="64" hits="0" branch="False" />
                <line number="67" hits="0" branch="False" />
                <line number="68" hits="0" branch="False" />
                <line number="69" hits="0" branch="False" />
                <line number="70" hits="0" branch="False" />
                <line number="71" hits="0" branch="False" />
                <line number="73" hits="0" branch="False" />
                <line number="76" hits="0" branch="False" />
                <line number="77" hits="0" branch="False" />
                <line number="78" hits="0" branch="False" />
                <line number="79" hits="0" branch="False" />
                <line number="80" hits="0" branch="False" />
                <line number="82" hits="0" branch="False" />
                <line number="84" hits="0" branch="False" />
                <line number="86" hits="0" branch="False" />
                <line number="87" hits="0" branch="False" />
                <line number="88" hits="0" branch="False" />
                <line number="89" hits="0" branch="False" />
                <line number="92" hits="0" branch="False" />
                <line number="93" hits="0" branch="True" condition-coverage="0% (0/2)">
                  <conditions>
                    <condition number="510" type="jump" coverage="0%" />
                  </conditions>
                </line>
                <line number="94" hits="0" branch="False" />
                <line number="95" hits="0" branch="False" />
                <line number="97" hits="0" branch="False" />
                <line number="98" hits="0" branch="False" />
              </lines>
            </method>
            <method name="CreateTypedParameter" signature="()" line-rate="0" branch-rate="1" complexity="1">
              <lines>
                <line number="101" hits="0" branch="False" />
                <line number="102" hits="0" branch="False" />
                <line number="103" hits="0" branch="False" />
              </lines>
            </method>
            <method name="CreateTypedParameter" signature="(System.String,System.Object)" line-rate="0" branch-rate="1" complexity="1">
              <lines>
                <line number="106" hits="0" branch="False" />
                <line number="107" hits="0" branch="False" />
                <line number="108" hits="0" branch="False" />
              </lines>
            </method>
            <method name="InitDocumentBatchGetRequest" signature="(ADO.Rest.Models.ADOModelRequest)" line-rate="0" branch-rate="1" complexity="1">
              <lines>
                <line number="112" hits="0" branch="False" />
                <line number="113" hits="0" branch="False" />
              </lines>
            </method>
            <method name=".ctor" signature="(System.String)" line-rate="0" branch-rate="1" complexity="1">
              <lines>
                <line number="10" hits="0" branch="False" />
                <line number="11" hits="0" branch="False" />
                <line number="12" hits="0" branch="False" />
                <line number="13" hits="0" branch="False" />
              </lines>
            </method>
          </methods>
          <lines>
            <line number="8" hits="0" branch="False" />
            <line number="16" hits="0" branch="False" />
            <line number="17" hits="0" branch="False" />
            <line number="18" hits="0" branch="False" />
            <line number="21" hits="0" branch="False" />
            <line number="22" hits="0" branch="False" />
            <line number="25" hits="0" branch="False" />
            <line number="28" hits="0" branch="False" />
            <line number="30" hits="0" branch="False" />
            <line number="32" hits="0" branch="False" />
            <line number="33" hits="0" branch="False" />
            <line number="35" hits="0" branch="True" condition-coverage="0% (0/4)">
              <conditions>
                <condition number="74" type="jump" coverage="0%" />
                <condition number="95" type="jump" coverage="0%" />
              </conditions>
            </line>
            <line number="36" hits="0" branch="False" />
            <line number="37" hits="0" branch="False" />
            <line number="38" hits="0" branch="False" />
            <line number="39" hits="0" branch="False" />
            <line number="40" hits="0" branch="False" />
            <line number="41" hits="0" branch="False" />
            <line number="42" hits="0" branch="False" />
            <line number="44" hits="0" branch="False" />
            <line number="47" hits="0" branch="True" condition-coverage="0% (0/5)">
              <conditions>
                <condition number="155" type="switch" coverage="0%" />
              </conditions>
            </line>
            <line number="50" hits="0" branch="False" />
            <line number="51" hits="0" branch="False" />
            <line number="52" hits="0" branch="False" />
            <line number="53" hits="0" branch="False" />
            <line number="54" hits="0" branch="False" />
            <line number="55" hits="0" branch="False" />
            <line number="56" hits="0" branch="False" />
            <line number="58" hits="0" branch="False" />
            <line number="59" hits="0" branch="False" />
            <line number="60" hits="0" branch="False" />
            <line number="61" hits="0" branch="False" />
            <line number="62" hits="0" branch="False" />
            <line number="63" hits="0" branch="False" />
            <line number="64" hits="0" branch="False" />
            <line number="67" hits="0" branch="False" />
            <line number="68" hits="0" branch="False" />
            <line number="69" hits="0" branch="False" />
            <line number="70" hits="0" branch="False" />
            <line number="71" hits="0" branch="False" />
            <line number="73" hits="0" branch="False" />
            <line number="76" hits="0" branch="False" />
            <line number="77" hits="0" branch="False" />
            <line number="78" hits="0" branch="False" />
            <line number="79" hits="0" branch="False" />
            <line number="80" hits="0" branch="False" />
            <line number="82" hits="0" branch="False" />
            <line number="84" hits="0" branch="False" />
            <line number="86" hits="0" branch="False" />
            <line number="87" hits="0" branch="False" />
            <line number="88" hits="0" branch="False" />
            <line number="89" hits="0" branch="False" />
            <line number="92" hits="0" branch="False" />
            <line number="93" hits="0" branch="True" condition-coverage="0% (0/2)">
              <conditions>
                <condition number="510" type="jump" coverage="0%" />
              </conditions>
            </line>
            <line number="94" hits="0" branch="False" />
            <line number="95" hits="0" branch="False" />
            <line number="97" hits="0" branch="False" />
            <line number="98" hits="0" branch="False" />
            <line number="101" hits="0" branch="False" />
            <line number="102" hits="0" branch="False" />
            <line number="103" hits="0" branch="False" />
            <line number="106" hits="0" branch="False" />
            <line number="107" hits="0" branch="False" />
            <line number="108" hits="0" branch="False" />
            <line number="112" hits="0" branch="False" />
            <line number="113" hits="0" branch="False" />
            <line number="10" hits="0" branch="False" />
            <line number="11" hits="0" branch="False" />
            <line number="12" hits="0" branch="False" />
            <line number="13" hits="0" branch="False" />
          </lines>
        </class>
        <class name="ADO.Rest.Models.ADOModelRequest" filename="ContenedoresAPI\ADO.Rest\Models\ADOModelRequest.cs" line-rate="0" branch-rate="1" complexity="4">
          <methods>
            <method name="get_CommandText" signature="()" line-rate="0" branch-rate="1" complexity="1">
              <lines>
                <line number="5" hits="0" branch="False" />
              </lines>
            </method>
            <method name="get_Parameters" signature="()" line-rate="0" branch-rate="1" complexity="1">
              <lines>
                <line number="7" hits="0" branch="False" />
              </lines>
            </method>
            <method name="get_CommandType" signature="()" line-rate="0" branch-rate="1" complexity="1">
              <lines>
                <line number="9" hits="0" branch="False" />
              </lines>
            </method>
            <method name="get_CommandExecutionType" signature="()" line-rate="0" branch-rate="1" complexity="1">
              <lines>
                <line number="11" hits="0" branch="False" />
              </lines>
            </method>
          </methods>
          <lines>
            <line number="5" hits="0" branch="False" />
            <line number="7" hits="0" branch="False" />
            <line number="9" hits="0" branch="False" />
            <line number="11" hits="0" branch="False" />
          </lines>
        </class>
        <class name="ADO.Rest.Models.ADOModelResponse" filename="ContenedoresAPI\ADO.Rest\Models\ADOModelResponse.cs" line-rate="0" branch-rate="1" complexity="4">
          <methods>
            <method name="get_NonQueryResult" signature="()" line-rate="0" branch-rate="1" complexity="1">
              <lines>
                <line number="5" hits="0" branch="False" />
              </lines>
            </method>
            <method name="get_ScalarResult" signature="()" line-rate="0" branch-rate="1" complexity="1">
              <lines>
                <line number="7" hits="0" branch="False" />
              </lines>
            </method>
            <method name="get_DataTableResult" signature="()" line-rate="0" branch-rate="1" complexity="1">
              <lines>
                <line number="9" hits="0" branch="False" />
              </lines>
            </method>
            <method name="get_DataSetResult" signature="()" line-rate="0" branch-rate="1" complexity="1">
              <lines>
                <line number="11" hits="0" branch="False" />
              </lines>
            </method>
          </methods>
          <lines>
            <line number="5" hits="0" branch="False" />
            <line number="7" hits="0" branch="False" />
            <line number="9" hits="0" branch="False" />
            <line number="11" hits="0" branch="False" />
          </lines>
        </class>
      </classes>
    </package>
    <package name="Containers" line-rate="0.0294" branch-rate="0" complexity="26">
      <classes>
        <class name="Containers.ContainersManager/&lt;&gt;c" filename="ContenedoresAPI\Containers\ContainersManager.cs" line-rate="0" branch-rate="1" complexity="4">
          <methods>
            <method name="&lt;selectContainers&gt;b__0_2" signature="(Containers.Models.ContainersModel)" line-rate="0" branch-rate="1" complexity="1">
              <lines>
                <line number="28" hits="0" branch="False" />
              </lines>
            </method>
            <method name="&lt;selectContainers&gt;b__0_3" signature="(Containers.Models.ContainersModel)" line-rate="0" branch-rate="1" complexity="1">
              <lines>
                <line number="29" hits="0" branch="False" />
              </lines>
            </method>
            <method name="&lt;selectContainers&gt;b__0_4" signature="(Containers.Models.ContainersModel)" line-rate="0" branch-rate="1" complexity="1">
              <lines>
                <line number="30" hits="0" branch="False" />
              </lines>
            </method>
            <method name="&lt;selectContainers&gt;b__0_1" signature="(Containers.Models.ContainersModel)" line-rate="0" branch-rate="1" complexity="1">
              <lines>
                <line number="36" hits="0" branch="False" />
              </lines>
            </method>
          </methods>
          <lines>
            <line number="28" hits="0" branch="False" />
            <line number="29" hits="0" branch="False" />
            <line number="30" hits="0" branch="False" />
            <line number="36" hits="0" branch="False" />
          </lines>
        </class>
        <class name="Containers.ContainersManager/&lt;&gt;c__DisplayClass0_0" filename="ContenedoresAPI\Containers\ContainersManager.cs" line-rate="0" branch-rate="0" complexity="2">
          <methods>
            <method name="&lt;selectContainers&gt;b__0" signature="(Containers.Models.ContainersModel)" line-rate="0" branch-rate="0" complexity="2">
              <lines>
                <line number="14" hits="0" branch="False" />
                <line number="15" hits="0" branch="True" condition-coverage="0% (0/2)">
                  <conditions>
                    <condition number="27" type="jump" coverage="0%" />
                  </conditions>
                </line>
                <line number="16" hits="0" branch="False" />
                <line number="17" hits="0" branch="False" />
                <line number="18" hits="0" branch="False" />
                <line number="19" hits="0" branch="False" />
                <line number="21" hits="0" branch="False" />
                <line number="22" hits="0" branch="False" />
                <line number="23" hits="0" branch="False" />
                <line number="24" hits="0" branch="False" />
              </lines>
            </method>
          </methods>
          <lines>
            <line number="14" hits="0" branch="False" />
            <line number="15" hits="0" branch="True" condition-coverage="0% (0/2)">
              <conditions>
                <condition number="27" type="jump" coverage="0%" />
              </conditions>
            </line>
            <line number="16" hits="0" branch="False" />
            <line number="17" hits="0" branch="False" />
            <line number="18" hits="0" branch="False" />
            <line number="19" hits="0" branch="False" />
            <line number="21" hits="0" branch="False" />
            <line number="22" hits="0" branch="False" />
            <line number="23" hits="0" branch="False" />
            <line number="24" hits="0" branch="False" />
          </lines>
        </class>
        <class name="Containers.ContainersManager/&lt;selectContainers&gt;d__0" filename="ContenedoresAPI\Containers\ContainersManager.cs" line-rate="0" branch-rate="0" complexity="2">
          <methods>
            <method name="MoveNext" signature="()" line-rate="0" branch-rate="0" complexity="2">
              <lines>
                <line number="7" hits="0" branch="False" />
                <line number="8" hits="0" branch="False" />
                <line number="10" hits="0" branch="False" />
                <line number="11" hits="0" branch="False" />
                <line number="13" hits="0" branch="False" />
                <line number="20" hits="0" branch="False" />
                <line number="26" hits="0" branch="False" />
                <line number="27" hits="0" branch="False" />
                <line number="31" hits="0" branch="False" />
                <line number="32" hits="0" branch="True" condition-coverage="0% (0/2)">
                  <conditions>
                    <condition number="281" type="jump" coverage="0%" />
                  </conditions>
                </line>
                <line number="33" hits="0" branch="False" />
                <line number="34" hits="0" branch="False" />
                <line number="35" hits="0" branch="False" />
                <line number="37" hits="0" branch="False" />
              </lines>
            </method>
          </methods>
          <lines>
            <line number="7" hits="0" branch="False" />
            <line number="8" hits="0" branch="False" />
            <line number="10" hits="0" branch="False" />
            <line number="11" hits="0" branch="False" />
            <line number="13" hits="0" branch="False" />
            <line number="20" hits="0" branch="False" />
            <line number="26" hits="0" branch="False" />
            <line number="27" hits="0" branch="False" />
            <line number="31" hits="0" branch="False" />
            <line number="32" hits="0" branch="True" condition-coverage="0% (0/2)">
              <conditions>
                <condition number="281" type="jump" coverage="0%" />
              </conditions>
            </line>
            <line number="33" hits="0" branch="False" />
            <line number="34" hits="0" branch="False" />
            <line number="35" hits="0" branch="False" />
            <line number="37" hits="0" branch="False" />
          </lines>
        </class>
        <class name="Containers.StatsManagerl/&lt;GetStats&gt;d__0" filename="ContenedoresAPI\Containers\StatsManagerl.cs" line-rate="0" branch-rate="1" complexity="1">
          <methods>
            <method name="MoveNext" signature="()" line-rate="0" branch-rate="1" complexity="1">
              <lines>
                <line number="7" hits="0" branch="False" />
                <line number="8" hits="0" branch="False" />
                <line number="9" hits="0" branch="False" />
              </lines>
            </method>
          </methods>
          <lines>
            <line number="7" hits="0" branch="False" />
            <line number="8" hits="0" branch="False" />
            <line number="9" hits="0" branch="False" />
          </lines>
        </class>
        <class name="Containers.Models.ContainersModel" filename="ContenedoresAPI\Containers\Models\ContainersModel.cs" line-rate="1" branch-rate="1" complexity="3">
          <methods>
            <method name="get_name" signature="()" line-rate="1" branch-rate="1" complexity="1">
              <lines>
                <line number="5" hits="5" branch="False" />
              </lines>
            </method>
            <method name="get_transportCost" signature="()" line-rate="1" branch-rate="1" complexity="1">
              <lines>
                <line number="6" hits="5" branch="False" />
              </lines>
            </method>
            <method name="get_containerPrice" signature="()" line-rate="1" branch-rate="1" complexity="1">
              <lines>
                <line number="7" hits="5" branch="False" />
              </lines>
            </method>
          </methods>
          <lines>
            <line number="5" hits="5" branch="False" />
            <line number="6" hits="5" branch="False" />
            <line number="7" hits="5" branch="False" />
          </lines>
        </class>
        <class name="Containers.Models.StatsModel" filename="ContenedoresAPI\Containers\Models\StatsModel.cs" line-rate="0" branch-rate="1" complexity="3">
          <methods>
            <method name="get_containers_dispatched" signature="()" line-rate="0" branch-rate="1" complexity="1">
              <lines>
                <line number="5" hits="0" branch="False" />
              </lines>
            </method>
            <method name="get_containers_not_dispatched" signature="()" line-rate="0" branch-rate="1" complexity="1">
              <lines>
                <line number="6" hits="0" branch="False" />
              </lines>
            </method>
            <method name="get_budget_used" signature="()" line-rate="0" branch-rate="1" complexity="1">
              <lines>
                <line number="7" hits="0" branch="False" />
              </lines>
            </method>
          </methods>
          <lines>
            <line number="5" hits="0" branch="False" />
            <line number="6" hits="0" branch="False" />
            <line number="7" hits="0" branch="False" />
          </lines>
        </class>
        <class name="Containers.DAL.ContainersDataController" filename="ContenedoresAPI\Containers\DAL\ContainersDataController.cs" line-rate="0" branch-rate="0" complexity="5">
          <methods>
            <method name="get_Instance" signature="()" line-rate="0" branch-rate="0" complexity="2">
              <lines>
                <line number="14" hits="0" branch="False" />
                <line number="15" hits="0" branch="True" condition-coverage="0% (0/2)">
                  <conditions>
                    <condition number="11" type="jump" coverage="0%" />
                  </conditions>
                </line>
                <line number="16" hits="0" branch="False" />
                <line number="17" hits="0" branch="False" />
                <line number="18" hits="0" branch="False" />
              </lines>
            </method>
            <method name="CreateStatistics" signature="(Containers.Models.StatsModel)" line-rate="0" branch-rate="1" complexity="1">
              <lines>
                <line number="28" hits="0" branch="False" />
                <line number="29" hits="0" branch="False" />
                <line number="30" hits="0" branch="False" />
              </lines>
            </method>
            <method name="GetStats" signature="()" line-rate="0" branch-rate="1" complexity="1">
              <lines>
                <line number="33" hits="0" branch="False" />
                <line number="34" hits="0" branch="False" />
                <line number="35" hits="0" branch="False" />
                <line number="36" hits="0" branch="False" />
              </lines>
            </method>
            <method name=".ctor" signature="()" line-rate="0" branch-rate="1" complexity="1">
              <lines>
                <line number="22" hits="0" branch="False" />
                <line number="23" hits="0" branch="False" />
                <line number="24" hits="0" branch="False" />
                <line number="25" hits="0" branch="False" />
              </lines>
            </method>
          </methods>
          <lines>
            <line number="14" hits="0" branch="False" />
            <line number="15" hits="0" branch="True" condition-coverage="0% (0/2)">
              <conditions>
                <condition number="11" type="jump" coverage="0%" />
              </conditions>
            </line>
            <line number="16" hits="0" branch="False" />
            <line number="17" hits="0" branch="False" />
            <line number="18" hits="0" branch="False" />
            <line number="28" hits="0" branch="False" />
            <line number="29" hits="0" branch="False" />
            <line number="30" hits="0" branch="False" />
            <line number="33" hits="0" branch="False" />
            <line number="34" hits="0" branch="False" />
            <line number="35" hits="0" branch="False" />
            <line number="36" hits="0" branch="False" />
            <line number="22" hits="0" branch="False" />
            <line number="23" hits="0" branch="False" />
            <line number="24" hits="0" branch="False" />
            <line number="25" hits="0" branch="False" />
          </lines>
        </class>
        <class name="Containers.DAL.ContainersDataFactory" filename="ContenedoresAPI\Containers\DAL\ContainersDataFactory.cs" line-rate="0" branch-rate="1" complexity="1">
          <methods>
            <method name="GetDataInstance" signature="(System.Boolean)" line-rate="0" branch-rate="1" complexity="1">
              <lines>
                <line number="6" hits="0" branch="False" />
                <line number="8" hits="0" branch="False" />
                <line number="9" hits="0" branch="False" />
                <line number="10" hits="0" branch="False" />
                <line number="11" hits="0" branch="False" />
              </lines>
            </method>
          </methods>
          <lines>
            <line number="6" hits="0" branch="False" />
            <line number="8" hits="0" branch="False" />
            <line number="9" hits="0" branch="False" />
            <line number="10" hits="0" branch="False" />
            <line number="11" hits="0" branch="False" />
          </lines>
        </class>
        <class name="Containers.DAL.Dao.Containers_MysqlDao" filename="ContenedoresAPI\Containers\DAL\Dao\Containers_MysqlDao.cs" line-rate="0" branch-rate="0" complexity="5">
          <methods>
            <method name="CreateStatistics" signature="(Containers.Models.StatsModel)" line-rate="0" branch-rate="0" complexity="2">
              <lines>
                <line number="15" hits="0" branch="False" />
                <line number="16" hits="0" branch="False" />
                <line number="17" hits="0" branch="True" condition-coverage="0% (0/2)">
                  <conditions>
                    <condition number="13" type="jump" coverage="0%" />
                  </conditions>
                </line>
                <line number="18" hits="0" branch="False" />
                <line number="19" hits="0" branch="False" />
                <line number="20" hits="0" branch="False" />
                <line number="21" hits="0" branch="False" />
                <line number="23" hits="0" branch="False" />
                <line number="24" hits="0" branch="False" />
                <line number="25" hits="0" branch="False" />
                <line number="26" hits="0" branch="False" />
                <line number="27" hits="0" branch="False" />
                <line number="28" hits="0" branch="False" />
                <line number="29" hits="0" branch="False" />
                <line number="30" hits="0" branch="False" />
                <line number="31" hits="0" branch="False" />
              </lines>
            </method>
            <method name="GetStats" signature="()" line-rate="0" branch-rate="0" complexity="2">
              <lines>
                <line number="33" hits="0" branch="False" />
                <line number="34" hits="0" branch="False" />
                <line number="36" hits="0" branch="False" />
                <line number="37" hits="0" branch="False" />
                <line number="38" hits="0" branch="False" />
                <line number="39" hits="0" branch="False" />
                <line number="40" hits="0" branch="False" />
                <line number="41" hits="0" branch="False" />
                <line number="42" hits="0" branch="False" />
                <line number="43" hits="0" branch="False" />
                <line number="44" hits="0" branch="True" condition-coverage="0% (0/2)">
                  <conditions>
                    <condition number="65" type="jump" coverage="0%" />
                  </conditions>
                </line>
                <line number="45" hits="0" branch="False" />
                <line number="46" hits="0" branch="False" />
                <line number="47" hits="0" branch="False" />
                <line number="48" hits="0" branch="False" />
                <line number="49" hits="0" branch="False" />
                <line number="50" hits="0" branch="False" />
                <line number="51" hits="0" branch="False" />
                <line number="52" hits="0" branch="False" />
                <line number="53" hits="0" branch="False" />
                <line number="54" hits="0" branch="False" />
                <line number="55" hits="0" branch="False" />
                <line number="56" hits="0" branch="False" />
                <line number="57" hits="0" branch="False" />
              </lines>
            </method>
            <method name=".ctor" signature="()" line-rate="0" branch-rate="1" complexity="1">
              <lines>
                <line number="10" hits="0" branch="False" />
                <line number="11" hits="0" branch="False" />
                <line number="12" hits="0" branch="False" />
                <line number="13" hits="0" branch="False" />
              </lines>
            </method>
          </methods>
          <lines>
            <line number="15" hits="0" branch="False" />
            <line number="16" hits="0" branch="False" />
            <line number="17" hits="0" branch="True" condition-coverage="0% (0/2)">
              <conditions>
                <condition number="13" type="jump" coverage="0%" />
              </conditions>
            </line>
            <line number="18" hits="0" branch="False" />
            <line number="19" hits="0" branch="False" />
            <line number="20" hits="0" branch="False" />
            <line number="21" hits="0" branch="False" />
            <line number="23" hits="0" branch="False" />
            <line number="24" hits="0" branch="False" />
            <line number="25" hits="0" branch="False" />
            <line number="26" hits="0" branch="False" />
            <line number="27" hits="0" branch="False" />
            <line number="28" hits="0" branch="False" />
            <line number="29" hits="0" branch="False" />
            <line number="30" hits="0" branch="False" />
            <line number="31" hits="0" branch="False" />
            <line number="33" hits="0" branch="False" />
            <line number="34" hits="0" branch="False" />
            <line number="36" hits="0" branch="False" />
            <line number="37" hits="0" branch="False" />
            <line number="38" hits="0" branch="False" />
            <line number="39" hits="0" branch="False" />
            <line number="40" hits="0" branch="False" />
            <line number="41" hits="0" branch="False" />
            <line number="42" hits="0" branch="False" />
            <line number="43" hits="0" branch="False" />
            <line number="44" hits="0" branch="True" condition-coverage="0% (0/2)">
              <conditions>
                <condition number="65" type="jump" coverage="0%" />
              </conditions>
            </line>
            <line number="45" hits="0" branch="False" />
            <line number="46" hits="0" branch="False" />
            <line number="47" hits="0" branch="False" />
            <line number="48" hits="0" branch="False" />
            <line number="49" hits="0" branch="False" />
            <line number="50" hits="0" branch="False" />
            <line number="51" hits="0" branch="False" />
            <line number="52" hits="0" branch="False" />
            <line number="53" hits="0" branch="False" />
            <line number="54" hits="0" branch="False" />
            <line number="55" hits="0" branch="False" />
            <line number="56" hits="0" branch="False" />
            <line number="57" hits="0" branch="False" />
            <line number="10" hits="0" branch="False" />
            <line number="11" hits="0" branch="False" />
            <line number="12" hits="0" branch="False" />
            <line number="13" hits="0" branch="False" />
          </lines>
        </class>
      </classes>
    </package>
    <package name="xUnit.ContenedoresRest" line-rate="0.9756" branch-rate="1" complexity="2">
      <classes>
        <class name="AutoGeneratedProgram" filename="Users\Luisa_Osorio\.nuget\packages\microsoft.net.test.sdk\17.1.0\build\netcoreapp2.1\Microsoft.NET.Test.Sdk.Program.cs" line-rate="0" branch-rate="1" complexity="1">
          <methods>
            <method name="Main" signature="(System.String[])" line-rate="0" branch-rate="1" complexity="1">
              <lines>
                <line number="4" hits="0" branch="False" />
              </lines>
            </method>
          </methods>
          <lines>
            <line number="4" hits="0" branch="False" />
          </lines>
        </class>
        <class name="xUnit.ContenedoresRest.ContainersTest" filename="ContenedoresAPI\xUnit.ContenedoresRest\ContainersTest.cs" line-rate="1" branch-rate="1" complexity="1">
          <methods>
            <method name="Containers_selectContainers_ContainersDespachados" signature="()" line-rate="1" branch-rate="1" complexity="1">
              <lines>
                <line number="13" hits="1" branch="False" />
                <line number="14" hits="1" branch="False" />
                <line number="15" hits="1" branch="False" />
                <line number="16" hits="1" branch="False" />
                <line number="17" hits="1" branch="False" />
                <line number="18" hits="1" branch="False" />
                <line number="19" hits="1" branch="False" />
                <line number="20" hits="1" branch="False" />
                <line number="21" hits="1" branch="False" />
                <line number="22" hits="1" branch="False" />
                <line number="23" hits="1" branch="False" />
                <line number="24" hits="1" branch="False" />
                <line number="25" hits="1" branch="False" />
                <line number="26" hits="1" branch="False" />
                <line number="27" hits="1" branch="False" />
                <line number="28" hits="1" branch="False" />
                <line number="29" hits="1" branch="False" />
                <line number="30" hits="1" branch="False" />
                <line number="31" hits="1" branch="False" />
                <line number="32" hits="1" branch="False" />
                <line number="33" hits="1" branch="False" />
                <line number="34" hits="1" branch="False" />
                <line number="35" hits="1" branch="False" />
                <line number="36" hits="1" branch="False" />
                <line number="37" hits="1" branch="False" />
                <line number="38" hits="1" branch="False" />
                <line number="39" hits="1" branch="False" />
                <line number="40" hits="1" branch="False" />
                <line number="41" hits="1" branch="False" />
                <line number="42" hits="1" branch="False" />
                <line number="43" hits="1" branch="False" />
                <line number="44" hits="1" branch="False" />
                <line number="45" hits="1" branch="False" />
                <line number="46" hits="1" branch="False" />
                <line number="47" hits="1" branch="False" />
                <line number="48" hits="1" branch="False" />
                <line number="49" hits="1" branch="False" />
                <line number="50" hits="1" branch="False" />
                <line number="51" hits="1" branch="False" />
                <line number="54" hits="1" branch="False" />
              </lines>
            </method>
          </methods>
          <lines>
            <line number="13" hits="1" branch="False" />
            <line number="14" hits="1" branch="False" />
            <line number="15" hits="1" branch="False" />
            <line number="16" hits="1" branch="False" />
            <line number="17" hits="1" branch="False" />
            <line number="18" hits="1" branch="False" />
            <line number="19" hits="1" branch="False" />
            <line number="20" hits="1" branch="False" />
            <line number="21" hits="1" branch="False" />
            <line number="22" hits="1" branch="False" />
            <line number="23" hits="1" branch="False" />
            <line number="24" hits="1" branch="False" />
            <line number="25" hits="1" branch="False" />
            <line number="26" hits="1" branch="False" />
            <line number="27" hits="1" branch="False" />
            <line number="28" hits="1" branch="False" />
            <line number="29" hits="1" branch="False" />
            <line number="30" hits="1" branch="False" />
            <line number="31" hits="1" branch="False" />
            <line number="32" hits="1" branch="False" />
            <line number="33" hits="1" branch="False" />
            <line number="34" hits="1" branch="False" />
            <line number="35" hits="1" branch="False" />
            <line number="36" hits="1" branch="False" />
            <line number="37" hits="1" branch="False" />
            <line number="38" hits="1" branch="False" />
            <line number="39" hits="1" branch="False" />
            <line number="40" hits="1" branch="False" />
            <line number="41" hits="1" branch="False" />
            <line number="42" hits="1" branch="False" />
            <line number="43" hits="1" branch="False" />
            <line number="44" hits="1" branch="False" />
            <line number="45" hits="1" branch="False" />
            <line number="46" hits="1" branch="False" />
            <line number="47" hits="1" branch="False" />
            <line number="48" hits="1" branch="False" />
            <line number="49" hits="1" branch="False" />
            <line number="50" hits="1" branch="False" />
            <line number="51" hits="1" branch="False" />
            <line number="54" hits="1" branch="False" />
          </lines>
        </class>
      </classes>
    </package>
  </packages>
</coverage>